Determining if the function fseeko exists failed with the following output:
Change Dir: /Users/ginrou799/Development/iphone/BlendingCamera/ios/build/iPhoneOS/CMakeFiles/CMakeTmp

Run Build Command:/opt/local/bin/cmakexbuild -project CMAKE_TRY_COMPILE.xcodeproj build -target cmTryCompileExec2390344621 -configuration Debug
Error: No developer directory found at /Volumes/Xcode/Xcode.app/Contents/Developer. Run /usr/bin/xcode-select to update the developer directory path.


Determining if the include file unistd.h exists failed with the following output:
Change Dir: /Users/ginrou799/Development/iphone/BlendingCamera/ios/build/iPhoneOS/CMakeFiles/CMakeTmp

Run Build Command:/opt/local/bin/cmakexbuild -project CMAKE_TRY_COMPILE.xcodeproj build -target cmTryCompileExec696081900 -configuration Debug
Error: No developer directory found at /Volumes/Xcode/Xcode.app/Contents/Developer. Run /usr/bin/xcode-select to update the developer directory path.


Determining if the include file sys/types.h exists failed with the following output:
Change Dir: /Users/ginrou799/Development/iphone/BlendingCamera/ios/build/iPhoneOS/CMakeFiles/CMakeTmp

Run Build Command:/opt/local/bin/cmakexbuild -project CMAKE_TRY_COMPILE.xcodeproj build -target cmTryCompileExec3270002878 -configuration Debug
Error: No developer directory found at /Volumes/Xcode/Xcode.app/Contents/Developer. Run /usr/bin/xcode-select to update the developer directory path.


Determining if the include file stdint.h exists failed with the following output:
Change Dir: /Users/ginrou799/Development/iphone/BlendingCamera/ios/build/iPhoneOS/CMakeFiles/CMakeTmp

Run Build Command:/opt/local/bin/cmakexbuild -project CMAKE_TRY_COMPILE.xcodeproj build -target cmTryCompileExec4285306635 -configuration Debug
Error: No developer directory found at /Volumes/Xcode/Xcode.app/Contents/Developer. Run /usr/bin/xcode-select to update the developer directory path.


Determining if the include file stddef.h exists failed with the following output:
Change Dir: /Users/ginrou799/Development/iphone/BlendingCamera/ios/build/iPhoneOS/CMakeFiles/CMakeTmp

Run Build Command:/opt/local/bin/cmakexbuild -project CMAKE_TRY_COMPILE.xcodeproj build -target cmTryCompileExec2284906200 -configuration Debug
Error: No developer directory found at /Volumes/Xcode/Xcode.app/Contents/Developer. Run /usr/bin/xcode-select to update the developer directory path.


Determining size of off64_t failed with the following output:
Change Dir: /Users/ginrou799/Development/iphone/BlendingCamera/ios/build/iPhoneOS/CMakeFiles/CMakeTmp

Run Build Command:/opt/local/bin/cmakexbuild -project CMAKE_TRY_COMPILE.xcodeproj build -target cmTryCompileExec597951084 -configuration Debug
Error: No developer directory found at /Volumes/Xcode/Xcode.app/Contents/Developer. Run /usr/bin/xcode-select to update the developer directory path.

/Users/ginrou799/Development/iphone/BlendingCamera/ios/build/iPhoneOS/CMakeFiles/CheckTypeSize/OFF64_T.c:


#undef KEY
#if defined(__i386)
# define KEY '_','_','i','3','8','6'
#elif defined(__x86_64)
# define KEY '_','_','x','8','6','_','6','4'
#elif defined(__ppc__)
# define KEY '_','_','p','p','c','_','_'
#elif defined(__ppc64__)
# define KEY '_','_','p','p','c','6','4','_','_'
#endif

#define SIZE (sizeof(off64_t))
char info_size[] =  {'I', 'N', 'F', 'O', ':', 's','i','z','e','[',
  ('0' + ((SIZE / 10000)%10)),
  ('0' + ((SIZE / 1000)%10)),
  ('0' + ((SIZE / 100)%10)),
  ('0' + ((SIZE / 10)%10)),
  ('0' +  (SIZE    % 10)),
  ']',
#ifdef KEY
  ' ','k','e','y','[', KEY, ']',
#endif
  '\0'};

#ifdef __CLASSIC_C__
int main(argc, argv) int argc; char *argv[];
#else
int main(int argc, char *argv[])
#endif
{
  int require = 0;
  require += info_size[argc];
  (void)argv;
  return require;
}


